<?xml version="1.0" encoding="UTF-8"?>
<testng-results ignored="0" total="3" passed="3" failed="0" skipped="0">
  <reporter-output>
  </reporter-output>
  <suite started-at="2023-08-03T09:28:15 IST" name="Default suite" finished-at="2023-08-03T09:29:26 IST" duration-ms="70270">
    <groups>
    </groups>
    <test started-at="2023-08-03T09:28:15 IST" name="Default test" finished-at="2023-08-03T09:29:26 IST" duration-ms="70270">
      <class name="com.aadharTesting.TestingCode">
        <test-method is-config="true" signature="setUp()[pri:0, instance:com.aadharTesting.TestingCode@52b1beb6]" started-at="2023-08-03T09:28:15 IST" name="setUp" finished-at="2023-08-03T09:28:18 IST" duration-ms="2280" status="PASS">
          <reporter-output>
          </reporter-output>
        </test-method> <!-- setUp -->
        <test-method signature="TestAdminLogin()[pri:0, instance:com.aadharTesting.TestingCode@52b1beb6]" started-at="2023-08-03T09:28:18 IST" name="TestAdminLogin" finished-at="2023-08-03T09:28:34 IST" duration-ms="16791" status="PASS">
          <reporter-output>
          </reporter-output>
        </test-method> <!-- TestAdminLogin -->
        <test-method is-config="true" signature="tearDown()[pri:0, instance:com.aadharTesting.TestingCode@52b1beb6]" started-at="2023-08-03T09:28:34 IST" name="tearDown" finished-at="2023-08-03T09:28:45 IST" duration-ms="10294" status="PASS">
          <reporter-output>
          </reporter-output>
        </test-method> <!-- tearDown -->
        <test-method is-config="true" signature="setUp()[pri:0, instance:com.aadharTesting.TestingCode@52b1beb6]" started-at="2023-08-03T09:28:45 IST" name="setUp" finished-at="2023-08-03T09:28:46 IST" duration-ms="952" status="PASS">
          <reporter-output>
          </reporter-output>
        </test-method> <!-- setUp -->
        <test-method signature="TestRegisterUserTest()[pri:0, instance:com.aadharTesting.TestingCode@52b1beb6]" started-at="2023-08-03T09:28:46 IST" name="TestRegisterUserTest" finished-at="2023-08-03T09:28:54 IST" duration-ms="8213" status="PASS">
          <reporter-output>
          </reporter-output>
        </test-method> <!-- TestRegisterUserTest -->
        <test-method is-config="true" signature="tearDown()[pri:0, instance:com.aadharTesting.TestingCode@52b1beb6]" started-at="2023-08-03T09:28:54 IST" name="tearDown" finished-at="2023-08-03T09:29:04 IST" duration-ms="10309" status="PASS">
          <reporter-output>
          </reporter-output>
        </test-method> <!-- tearDown -->
        <test-method is-config="true" signature="setUp()[pri:0, instance:com.aadharTesting.TestingCode@52b1beb6]" started-at="2023-08-03T09:29:04 IST" name="setUp" finished-at="2023-08-03T09:29:05 IST" duration-ms="932" status="PASS">
          <reporter-output>
          </reporter-output>
        </test-method> <!-- setUp -->
        <test-method signature="UserLogin()[pri:0, instance:com.aadharTesting.TestingCode@52b1beb6]" started-at="2023-08-03T09:29:05 IST" name="UserLogin" finished-at="2023-08-03T09:29:15 IST" duration-ms="10148" status="PASS">
          <reporter-output>
          </reporter-output>
        </test-method> <!-- UserLogin -->
        <test-method is-config="true" signature="tearDown()[pri:0, instance:com.aadharTesting.TestingCode@52b1beb6]" started-at="2023-08-03T09:29:15 IST" name="tearDown" finished-at="2023-08-03T09:29:26 IST" duration-ms="10288" status="PASS">
          <reporter-output>
          </reporter-output>
        </test-method> <!-- tearDown -->
      </class> <!-- com.aadharTesting.TestingCode -->
    </test> <!-- Default test -->
  </suite> <!-- Default suite -->
</testng-results>
