<?xml version="1.0" encoding="UTF-8"?>
<!-- Generated by org.testng.reporters.JUnitXMLReporter -->
<testsuite ignored="0" hostname="ReddyNodan" failures="0" tests="3" name="Default test" time="70.27" errors="0" timestamp="2023-08-03T09:29:26 IST">
  <testcase classname="com.aadharTesting.TestingCode" name="TestAdminLogin" time="16.791"/>
  <testcase classname="com.aadharTesting.TestingCode" name="TestRegisterUserTest" time="8.213"/>
  <testcase classname="com.aadharTesting.TestingCode" name="UserLogin" time="10.148"/>
</testsuite> <!-- Default test -->
